0 info it worked if it ends with ok
1 verbose cli [ '/usr/local/bin/node', '/usr/local/bin/npm', 'publish' ]
2 info using npm@3.8.6
3 info using node@v5.11.0
4 verbose publish [ '.' ]
5 silly cache add args [ '.', null ]
6 verbose cache add spec .
7 silly cache add parsed spec Result {
7 silly cache add   raw: '.',
7 silly cache add   scope: null,
7 silly cache add   name: null,
7 silly cache add   rawSpec: '.',
7 silly cache add   spec: '/Users/pboudreau/Acquisio/bitbucket/svg-material-design-icons',
7 silly cache add   type: 'directory' }
8 verbose addLocalDirectory /Users/pboudreau/.npm/svg-material-design-icons/1.0.0/package.tgz not in flight; packing
9 verbose correctMkdir /Users/pboudreau/.npm correctMkdir not in flight; initializing
10 info lifecycle svg-material-design-icons@1.0.0~prepublish: svg-material-design-icons@1.0.0
11 verbose lifecycle svg-material-design-icons@1.0.0~prepublish: unsafe-perm in lifecycle true
12 verbose lifecycle svg-material-design-icons@1.0.0~prepublish: PATH: /usr/local/lib/node_modules/npm/bin/node-gyp-bin:/Users/pboudreau/Acquisio/bitbucket/svg-material-design-icons/node_modules/.bin:/usr/local/bin:/Users/pboudreau/usr/local/sbin:/Users/pboudreau/Library/Android/sdk/android-sdk-macosx/platform-tools:/Users/pboudreau/Library/Android/sdk/android-sdk-macosx/tools:/usr/local/bin:/usr/bin:/bin:/usr/sbin:/sbin:/usr/local/sbin
13 verbose lifecycle svg-material-design-icons@1.0.0~prepublish: CWD: /Users/pboudreau/Acquisio/bitbucket/svg-material-design-icons
14 silly lifecycle svg-material-design-icons@1.0.0~prepublish: Args: [ '-c', 'node node_modules/gulp/bin/gulp svg-sprites' ]
15 silly lifecycle svg-material-design-icons@1.0.0~prepublish: Returned: code: 0  signal: null
16 verbose tar pack [ '/Users/pboudreau/.npm/svg-material-design-icons/1.0.0/package.tgz',
16 verbose tar pack   '/Users/pboudreau/Acquisio/bitbucket/svg-material-design-icons' ]
17 verbose tarball /Users/pboudreau/.npm/svg-material-design-icons/1.0.0/package.tgz
18 verbose folder /Users/pboudreau/Acquisio/bitbucket/svg-material-design-icons
19 verbose addLocalTarball adding from inside cache /Users/pboudreau/.npm/svg-material-design-icons/1.0.0/package.tgz
20 verbose correctMkdir /Users/pboudreau/.npm correctMkdir not in flight; initializing
21 silly cache afterAdd svg-material-design-icons@1.0.0
22 verbose afterAdd /Users/pboudreau/.npm/svg-material-design-icons/1.0.0/package/package.json not in flight; writing
23 verbose correctMkdir /Users/pboudreau/.npm correctMkdir not in flight; initializing
24 verbose afterAdd /Users/pboudreau/.npm/svg-material-design-icons/1.0.0/package/package.json written
25 silly publish { name: 'svg-material-design-icons',
25 silly publish   version: '1.0.0',
25 silly publish   description: 'svg and fonts of material-design on a diet. ',
25 silly publish   main: 'index.js',
25 silly publish   scripts: { prepublish: 'node node_modules/gulp/bin/gulp svg-sprites' },
25 silly publish   repository:
25 silly publish    { type: 'git',
25 silly publish      url: 'https://github.com/LPCmedia/svg-material-design-icons.git' },
25 silly publish   keywords: [ 'Material', 'design', 'icons', 'material', 'design', 'svg' ],
25 silly publish   author: { name: 'LPCmedia' },
25 silly publish   license: 'MIT',
25 silly publish   bugs: { url: 'https://github.com/LPCmedia/svg-material-design-icons/issues' },
25 silly publish   homepage: 'https://github.com/LPCmedia/svg-material-design-icons',
25 silly publish   devDependencies:
25 silly publish    { gulp: '3.9.1',
25 silly publish      'gulp-replace': '0.5.4',
25 silly publish      'material-design-icons': '3.0.1' },
25 silly publish   readme: '# svg-material-design-icons\nOnly the sprites on a nightly build with auto release to npm. ',
25 silly publish   readmeFilename: 'README.md',
25 silly publish   gitHead: 'aa083e374fc90c9b38567c28fe8c76756ee84167',
25 silly publish   _id: 'svg-material-design-icons@1.0.0',
25 silly publish   _shasum: '88a3fc60569a4d7b0cc6824b0c67dd81e138ab96',
25 silly publish   _from: '.' }
26 verbose getPublishConfig undefined
27 silly mapToRegistry name svg-material-design-icons
28 silly mapToRegistry using default registry
29 silly mapToRegistry registry https://registry.npmjs.org/
30 silly mapToRegistry data Result {
30 silly mapToRegistry   raw: 'svg-material-design-icons',
30 silly mapToRegistry   scope: null,
30 silly mapToRegistry   name: 'svg-material-design-icons',
30 silly mapToRegistry   rawSpec: '',
30 silly mapToRegistry   spec: 'latest',
30 silly mapToRegistry   type: 'tag' }
31 silly mapToRegistry uri https://registry.npmjs.org/svg-material-design-icons
32 verbose publish registryBase https://registry.npmjs.org/
33 silly publish uploading /Users/pboudreau/.npm/svg-material-design-icons/1.0.0/package.tgz
34 verbose request uri https://registry.npmjs.org/svg-material-design-icons
35 verbose request sending authorization for write operation
36 info attempt registry request try #1 at 10:54:16 PM
37 verbose request using bearer token for auth
38 verbose request id 1fcaf761c435ada8
39 http request PUT https://registry.npmjs.org/svg-material-design-icons
40 http 403 https://registry.npmjs.org/svg-material-design-icons
41 verbose headers { 'content-type': 'application/json',
41 verbose headers   'cache-control': 'max-age=300',
41 verbose headers   'content-length': '95',
41 verbose headers   'accept-ranges': 'bytes',
41 verbose headers   date: 'Sat, 17 Jun 2017 02:54:17 GMT',
41 verbose headers   via: '1.1 varnish',
41 verbose headers   connection: 'keep-alive',
41 verbose headers   'x-served-by': 'cache-jfk8125-JFK',
41 verbose headers   'x-cache': 'MISS',
41 verbose headers   'x-cache-hits': '0',
41 verbose headers   'x-timer': 'S1497668057.903536,VS0,VE866',
41 verbose headers   vary: 'Accept-Encoding' }
42 verbose request invalidating /Users/pboudreau/.npm/registry.npmjs.org/svg-material-design-icons on PUT
43 error publish Failed PUT 403
44 verbose stack Error: "You cannot publish over the previously published version 1.0.0." : svg-material-design-icons
44 verbose stack     at makeError (/usr/local/lib/node_modules/npm/node_modules/npm-registry-client/lib/request.js:264:12)
44 verbose stack     at CachingRegistryClient.<anonymous> (/usr/local/lib/node_modules/npm/node_modules/npm-registry-client/lib/request.js:252:14)
44 verbose stack     at Request._callback (/usr/local/lib/node_modules/npm/node_modules/npm-registry-client/lib/request.js:172:14)
44 verbose stack     at Request.self.callback (/usr/local/lib/node_modules/npm/node_modules/request/request.js:199:22)
44 verbose stack     at emitTwo (events.js:100:13)
44 verbose stack     at Request.emit (events.js:185:7)
44 verbose stack     at Request.<anonymous> (/usr/local/lib/node_modules/npm/node_modules/request/request.js:1036:10)
44 verbose stack     at emitOne (events.js:95:20)
44 verbose stack     at Request.emit (events.js:182:7)
44 verbose stack     at IncomingMessage.<anonymous> (/usr/local/lib/node_modules/npm/node_modules/request/request.js:963:12)
45 verbose statusCode 403
46 verbose pkgid svg-material-design-icons
47 verbose cwd /Users/pboudreau/Acquisio/bitbucket/svg-material-design-icons
48 error Darwin 14.5.0
49 error argv "/usr/local/bin/node" "/usr/local/bin/npm" "publish"
50 error node v5.11.0
51 error npm  v3.8.6
52 error code E403
53 error "You cannot publish over the previously published version 1.0.0." : svg-material-design-icons
54 error If you need help, you may report this error at:
54 error     <https://github.com/npm/npm/issues>
55 verbose exit [ 1, true ]
